<?xml version="1.0" encoding="UTF-8"?>
<!-- Generated by org.testng.reporters.JUnitReportReporter -->
<testsuite ignored="0" hostname="DESKTOP-Q0APMFG" failures="0" tests="5" name="keytorc.casecalismasi.Testcases.TC001" time="28.887" errors="0" timestamp="16 Mar 2019 14:12:03 GMT" skipped="0">
  <testcase classname="keytorc.casecalismasi.Testcases.TC001" name="step4" time="6.257"/>
  <testcase classname="keytorc.casecalismasi.Testcases.TC001" name="step1" time="2.442"/>
  <testcase classname="keytorc.casecalismasi.Testcases.TC001" name="step5" time="4.428"/>
  <testcase classname="keytorc.casecalismasi.Testcases.TC001" name="step2" time="10.447"/>
  <testcase classname="keytorc.casecalismasi.Testcases.TC001" name="step3" time="5.313"/>
</testsuite> <!-- keytorc.casecalismasi.Testcases.TC001 -->
