<?xml version="1.0" encoding="UTF-8"?>
<!-- Generated by org.testng.reporters.JUnitReportReporter -->
<testsuite ignored="0" hostname="DESKTOP-Q0APMFG" failures="0" tests="5" name="keytorc.casecalismasi.setup.deneme" time="26.793" errors="0" timestamp="16 Mar 2019 14:48:09 GMT" skipped="0">
  <testcase classname="keytorc.casecalismasi.setup.deneme" name="deneme2" time="7.624"/>
  <testcase classname="keytorc.casecalismasi.setup.deneme" name="deneme3" time="5.860"/>
  <testcase classname="keytorc.casecalismasi.setup.deneme" name="deneme4" time="6.424"/>
  <testcase classname="keytorc.casecalismasi.setup.deneme" name="deneme5" time="4.568"/>
  <testcase classname="keytorc.casecalismasi.setup.deneme" name="deneme1" time="2.317"/>
</testsuite> <!-- keytorc.casecalismasi.setup.deneme -->
