<?xml version="1.0" encoding="UTF-8"?>
<!-- Generated by org.testng.reporters.JUnitReportReporter -->
<testsuite ignored="0" hostname="DESKTOP-Q0APMFG" failures="0" tests="5" name="n11Casecalismasi.Testcases.TC001" time="26.421" errors="0" timestamp="16 Mar 2019 14:54:33 GMT" skipped="0">
  <testcase classname="n11Casecalismasi.Testcases.TC001" name="step1" time="2.507"/>
  <testcase classname="n11Casecalismasi.Testcases.TC001" name="step3" time="4.527"/>
  <testcase classname="n11Casecalismasi.Testcases.TC001" name="step4" time="6.676"/>
  <testcase classname="n11Casecalismasi.Testcases.TC001" name="step2" time="8.145"/>
  <testcase classname="n11Casecalismasi.Testcases.TC001" name="step5" time="4.566"/>
</testsuite> <!-- n11Casecalismasi.Testcases.TC001 -->
